#
# A fatal error has been detected by the Java Runtime Environment:
#
#  Internal Error (javaClasses.cpp:136), pid=5436, tid=3392
#  fatal error: Invalid layout of preloaded class
#
# JRE version:  (7.0_55-b13) (build )
# Java VM: Java HotSpot(TM) 64-Bit Server VM (24.55-b03 mixed mode windows-amd64 compressed oops)
# Failed to write core dump. Minidumps are not enabled by default on client versions of Windows
#
# If you would like to submit a bug report, please visit:
#   http://bugreport.sun.com/bugreport/crash.jsp
#

---------------  T H R E A D  ---------------

Current thread (0x0000000001f80800):  JavaThread "Unknown thread" [_thread_in_vm, id=3392, stack(0x0000000001e20000,0x0000000001f20000)]

Stack: [0x0000000001e20000,0x0000000001f20000]

---------------  P R O C E S S  ---------------

Java Threads: ( => current thread )

Other Threads:

=>0x0000000001f80800 (exited) JavaThread "Unknown thread" [_thread_in_vm, id=3392, stack(0x0000000001e20000,0x0000000001f20000)]

VM state:not at safepoint (not fully initialized)

VM Mutex/Monitor currently owned by a thread: None

GC Heap History (0 events):
No events

Deoptimization events (0 events):
No events

Internal exceptions (0 events):
No events

Events (10 events):
Event: 0.007 loading class 0x0000000001fd0b80 done
Event: 0.007 loading class 0x0000000001fd05a0 done
Event: 0.007 loading class 0x0000000001fd0580
Event: 0.008 loading class 0x0000000001fd8680
Event: 0.008 loading class 0x0000000001fd8680 done
Event: 0.008 loading class 0x0000000001fd86b0
Event: 0.008 loading class 0x0000000001fd86b0 done
Event: 0.008 loading class 0x0000000001fd86e0
Event: 0.008 loading class 0x0000000001fd86e0 done
Event: 0.008 loading class 0x0000000001fd0580 done


Dynamic libraries:
0x00007ff6b3ea0000 - 0x00007ff6b3ed3000 	C:\Program Files\Java\jre7\bin\javaw.exe
0x00007ffa320b0000 - 0x00007ffa3225a000 	C:\WINDOWS\SYSTEM32\ntdll.dll
0x00007ffa2fdb0000 - 0x00007ffa2feea000 	C:\WINDOWS\system32\KERNEL32.DLL
0x00007ffa2f820000 - 0x00007ffa2f92f000 	C:\WINDOWS\system32\KERNELBASE.dll
0x00007ffa2e050000 - 0x00007ffa2e0d8000 	C:\WINDOWS\system32\apphelp.dll
0x00007ffa14920000 - 0x00007ffa1496f000 	C:\WINDOWS\AppPatch\AppPatch64\AcGenral.DLL
0x00007ffa2f930000 - 0x00007ffa2f9d7000 	C:\WINDOWS\system32\msvcrt.dll
0x00007ffa2f200000 - 0x00007ffa2f22b000 	C:\WINDOWS\SYSTEM32\SspiCli.dll
0x00007ffa31c50000 - 0x00007ffa31ca1000 	C:\WINDOWS\system32\SHLWAPI.dll
0x00007ffa2ff30000 - 0x00007ffa300a1000 	C:\WINDOWS\system32\USER32.dll
0x00007ffa2fb80000 - 0x00007ffa2fcf8000 	C:\WINDOWS\system32\ole32.dll
0x00007ffa30480000 - 0x00007ffa318a0000 	C:\WINDOWS\system32\SHELL32.dll
0x00007ffa2ea30000 - 0x00007ffa2ea4e000 	C:\WINDOWS\SYSTEM32\USERENV.dll
0x00007ffa2fd00000 - 0x00007ffa2fda5000 	C:\WINDOWS\system32\ADVAPI32.dll
0x00007ffa26f70000 - 0x00007ffa26f8b000 	C:\WINDOWS\SYSTEM32\MPR.dll
0x00007ffa31db0000 - 0x00007ffa31ee6000 	C:\WINDOWS\system32\RPCRT4.dll
0x00007ffa31960000 - 0x00007ffa319b7000 	C:\WINDOWS\SYSTEM32\sechost.dll
0x00007ffa30290000 - 0x00007ffa30466000 	C:\WINDOWS\SYSTEM32\combase.dll
0x00007ffa31b00000 - 0x00007ffa31c44000 	C:\WINDOWS\system32\GDI32.dll
0x00007ffa2f420000 - 0x00007ffa2f434000 	C:\WINDOWS\SYSTEM32\profapi.dll
0x00007ffa2dd50000 - 0x00007ffa2ddef000 	C:\WINDOWS\SYSTEM32\SHCORE.dll
0x00007ffa2fef0000 - 0x00007ffa2ff24000 	C:\WINDOWS\system32\IMM32.DLL
0x00007ffa319c0000 - 0x00007ffa31af9000 	C:\WINDOWS\system32\MSCTF.dll
0x00007ffa2bc10000 - 0x00007ffa2be6a000 	C:\WINDOWS\WinSxS\amd64_microsoft.windows.common-controls_6595b64144ccf1df_6.0.9600.17031_none_6242a4b3ecbb55a1\COMCTL32.dll
0x00000000655a0000 - 0x0000000065672000 	C:\Program Files\Java\jre7\bin\msvcr100.dll
0x0000000064dd0000 - 0x0000000065599000 	C:\Program Files\Java\jre7\bin\server\jvm.dll
0x00007ffa26fa0000 - 0x00007ffa26fa9000 	C:\WINDOWS\SYSTEM32\WSOCK32.dll
0x00007ffa2be70000 - 0x00007ffa2be8f000 	C:\WINDOWS\SYSTEM32\WINMM.dll
0x00007ffa30470000 - 0x00007ffa30477000 	C:\WINDOWS\system32\PSAPI.DLL
0x00007ffa32050000 - 0x00007ffa320a8000 	C:\WINDOWS\system32\WS2_32.dll
0x00007ffa2bbd0000 - 0x00007ffa2bbfa000 	C:\WINDOWS\SYSTEM32\WINMMBASE.dll
0x00007ffa31da0000 - 0x00007ffa31da9000 	C:\WINDOWS\system32\NSI.dll
0x00007ffa2f7d0000 - 0x00007ffa2f81a000 	C:\WINDOWS\SYSTEM32\cfgmgr32.dll
0x00007ffa2e2a0000 - 0x00007ffa2e2c6000 	C:\WINDOWS\SYSTEM32\DEVOBJ.dll
0x0000000065880000 - 0x000000006588f000 	C:\Program Files\Java\jre7\bin\verify.dll
0x0000000065850000 - 0x0000000065878000 	C:\Program Files\Java\jre7\bin\java.dll
0x0000000065710000 - 0x0000000065725000 	C:\Program Files\Java\jre7\bin\zip.dll

VM Arguments:
jvm_args: -Dfile.encoding=Cp1252 -Xbootclasspath:C:\Program Files (x86)\Android\android-sdk\platforms\android-19\android.jar 
java_command: org.w3c.tidy.Tidy
Launcher Type: SUN_STANDARD

Environment Variables:
CLASSPATH=C:\xpressmp\lib\xprs.jar;C:\xpressmp\lib\xprb.jar;C:\xpressmp\lib\xprm.jar;
PATH=C:\xpressmp\bin;C:\Program Files (x86)\NVIDIA Corporation\PhysX\Common;C:\WINDOWS\system32;C:\WINDOWS;C:\WINDOWS\System32\Wbem;C:\WINDOWS\System32\WindowsPowerShell\v1.0\;C:\Program Files\Java\jdk1.7.0_11\bin;C:\Program Files\Microsoft SQL Server\120\Tools\Binn\;C:\Program Files\Microsoft SQL Server\Client SDK\ODBC\110\Tools\Binn\;C:\Program Files (x86)\Microsoft SQL Server\120\Tools\Binn\;C:\Program Files\Microsoft SQL Server\120\DTS\Binn\;C:\Program Files (x86)\Microsoft SQL Server\120\Tools\Binn\ManagementStudio\;C:\Program Files (x86)\Microsoft SQL Server\120\DTS\Binn\;C:\Program Files (x86)\Heroku\bin;C:\Program Files (x86)\git\cmd;C:\RailsInstaller\Ruby1.9.3\bin;C:\Ruby193\bin
USERNAME=hm94__000
OS=Windows_NT
PROCESSOR_IDENTIFIER=Intel64 Family 6 Model 58 Stepping 9, GenuineIntel



---------------  S Y S T E M  ---------------

OS: Windows 8.1 , 64 bit Build 9600 

CPU:total 8 (4 cores per cpu, 2 threads per core) family 6 model 58 stepping 9, cmov, cx8, fxsr, mmx, sse, sse2, sse3, ssse3, sse4.1, sse4.2, popcnt, avx, aes, erms, ht, tsc, tscinvbit, tscinv

Memory: 4k page, physical 16717208k(12788868k free), swap 33494424k(26957524k free)

vm_info: Java HotSpot(TM) 64-Bit Server VM (24.55-b03) for windows-amd64 JRE (1.7.0_55-b13), built on Mar 17 2014 19:45:30 by "java_re" with unknown MS VC++:1600

time: Tue Jul 15 00:31:46 2014
elapsed time: 0 seconds

